Build started 4/4/2016 8:33:08 PM.
     1>Project "C:\Users\flagster\Documents\Pac_student_draw\student_draw\viewserver\viewserver.vcxproj" on node 2 (Build target(s)).
     1>ClCompile:
         C:\Program Files (x86)\Microsoft Visual Studio 12.0\VC\bin\CL.exe /c /ZI /nologo /W3 /WX- /Od /Oy- /D WIN32 /D _DEBUG /D _WINDOWS /D _MBCS /Gm /EHsc /RTC1 /MDd /GS /fp:precise /Zc:wchar_t /Zc:forScope /Fo"Debug\\" /Fd"Debug\vc120.pdb" /Gd /TP /analyze- /errorReport:prompt student.cpp
         student.cpp
     1>c:\program files (x86)\microsoft sdks\windows\v7.1a\include\sal_supp.h(57): warning C4005: '__useHeader' : macro redefinition
                 c:\program files (x86)\microsoft visual studio 12.0\vc\include\sal.h(2886) : see previous definition of '__useHeader'
     1>c:\program files (x86)\microsoft sdks\windows\v7.1a\include\specstrings_supp.h(77): warning C4005: '__on_failure' : macro redefinition
                 c:\program files (x86)\microsoft visual studio 12.0\vc\include\sal.h(2896) : see previous definition of '__on_failure'
     1>c:\users\flagster\documents\pac_student_draw\student_draw\viewserver\ground.h(163): warning C4996: 'fopen': This function or variable may be unsafe. Consider using fopen_s instead. To disable deprecation, use _CRT_SECURE_NO_WARNINGS. See online help for details.
                 c:\program files (x86)\microsoft visual studio 12.0\vc\include\stdio.h(211) : see declaration of 'fopen'
     1>c:\users\flagster\documents\pac_student_draw\student_draw\viewserver\ground.h(239): warning C4018: '>=' : signed/unsigned mismatch
     1>c:\users\flagster\documents\pac_student_draw\student_draw\viewserver\student.cpp(98): warning C4244: 'argument' : conversion from 'float' to 'int', possible loss of data
     1>c:\users\flagster\documents\pac_student_draw\student_draw\viewserver\student.cpp(99): warning C4244: 'argument' : conversion from 'float' to 'int', possible loss of data
     1>c:\users\flagster\documents\pac_student_draw\student_draw\viewserver\student.cpp(100): warning C4244: 'argument' : conversion from 'float' to 'int', possible loss of data
     1>c:\users\flagster\documents\pac_student_draw\student_draw\viewserver\student.cpp(101): warning C4244: 'argument' : conversion from 'float' to 'int', possible loss of data
     1>c:\users\flagster\documents\pac_student_draw\student_draw\viewserver\student.cpp(661): warning C4244: '=' : conversion from 'double' to 'int', possible loss of data
     1>c:\users\flagster\documents\pac_student_draw\student_draw\viewserver\student.cpp(662): warning C4244: '=' : conversion from 'double' to 'int', possible loss of data
     1>c:\users\flagster\documents\pac_student_draw\student_draw\viewserver\student.cpp(663): warning C4244: '=' : conversion from 'double' to 'int', possible loss of data
     1>c:\users\flagster\documents\pac_student_draw\student_draw\viewserver\student.cpp(664): warning C4244: '=' : conversion from 'double' to 'int', possible loss of data
     1>c:\users\flagster\documents\pac_student_draw\student_draw\viewserver\student.cpp(671): warning C4996: 'sprintf': This function or variable may be unsafe. Consider using sprintf_s instead. To disable deprecation, use _CRT_SECURE_NO_WARNINGS. See online help for details.
                 c:\program files (x86)\microsoft visual studio 12.0\vc\include\stdio.h(356) : see declaration of 'sprintf'
       Link:
         C:\Program Files (x86)\Microsoft Visual Studio 12.0\VC\bin\link.exe /ERRORREPORT:PROMPT /OUT:"C:\Users\flagster\Documents\Pac_student_draw\student_draw\Debug\servercontrol.exe" /INCREMENTAL /NOLOGO wininet.lib odbc32.lib odbccp32.lib Comdlg32.lib gdi32.lib kernel32.lib user32.lib winspool.lib shell32.lib ole32.lib oleaut32.lib uuid.lib comdlg32.lib advapi32.lib Vfw32.lib Winmm.lib Strmiids.lib comctl32.lib /MANIFEST /MANIFESTUAC:"level='asInvoker' uiAccess='false'" /manifest:embed /DEBUG /PDB:"C:\Users\flagster\Documents\Pac_student_draw\student_draw\Debug\servercontrol.pdb" /SUBSYSTEM:WINDOWS /TLBID:1 /DYNAMICBASE /NXCOMPAT /IMPLIB:"C:\Users\flagster\Documents\Pac_student_draw\student_draw\Debug\servercontrol.lib" /MACHINE:X86 Debug\BGround.obj
         Debug\servermain.obj
         Debug\student.obj
         viewserver.vcxproj -> C:\Users\flagster\Documents\Pac_student_draw\student_draw\Debug\servercontrol.exe
     1>Done Building Project "C:\Users\flagster\Documents\Pac_student_draw\student_draw\viewserver\viewserver.vcxproj" (Build target(s)).

Build succeeded.

Time Elapsed 00:00:02.95
